<?xml version="1.0" encoding="UTF-8"?>
<!-- Generated by org.testng.reporters.JUnitReportReporter -->
<testsuite skipped="0" hostname="Einzton" name="RunnerClass.TestRunner" tests="1" failures="0" timestamp="05 Feb 2020 03:52:45 GMT" time="164.522" errors="0">
  <testcase name="feature" time="164.522" classname="RunnerClass.TestRunner"/>
</testsuite> <!-- RunnerClass.TestRunner -->
