<?xml version="1.0" encoding="UTF-8"?>
<!-- Generated by org.testng.reporters.JUnitReportReporter -->
<testsuite skipped="0" hostname="Einzton" name="LearnPackage.newclass" tests="1" failures="0" timestamp="04 Feb 2020 08:19:53 GMT" time="40.493" errors="0">
  <testcase name="mylogin" time="40.493" classname="LearnPackage.newclass"/>
</testsuite> <!-- LearnPackage.newclass -->
